Build started 10/22/2018 11:10:09 AM.
     1>Project "C:\Program Files (x86)\Steam\steamapps\common\Quake 4\blastymod\quake4-master\mpgame.vcxproj" on node 3 (Build target(s)).
     1>C:\Program Files (x86)\MSBuild\Microsoft.Cpp\v4.0\V120\Microsoft.CppBuild.targets(381,5): warning MSB8028: The intermediate directory (../Win32/Release\) contains files shared from another project (Game.vcxproj, idLib.vcxproj).  This can lead to incorrect clean and rebuild behavior.
     1>ClCompile:
         C:\Program Files (x86)\Microsoft Visual Studio 12.0\VC\bin\CL.exe /c /Zi /nologo /W4 /WX- /Ox /Ob1 /Oi /Oy- /D NDEBUG /D _WINDOWS /D _FINAL /D GAME_DLL /D GAME_MPAPI /D Q4SDK /D _WINDLL /D _MBCS /GF /Gm- /EHsc /MT /GS- /Gy- /fp:precise /Zc:wchar_t /Zc:forScope /GR /Yc /Fp"../Win32/Release\MPGame/MPGame.pch" /Fo"../Win32/Release\MPGame/" /Fd"../Win32/Release\MPGamex86.pdb" /Gd /TP /analyze- /errorReport:prompt mpgame\AF.cpp
         AF.cpp
     1>c:\program files (x86)\steam\steamapps\common\quake 4\blastymod\quake4-master\idlib\../idlib/Lib.h(120): warning C4996: 'strcpy': This function or variable may be unsafe. Consider using strcpy_s instead. To disable deprecation, use _CRT_SECURE_NO_WARNINGS. See online help for details.
                 C:\Program Files (x86)\Microsoft Visual Studio 12.0\VC\include\string.h(112) : see declaration of 'strcpy'
     1>c:\program files (x86)\steam\steamapps\common\quake 4\blastymod\quake4-master\idlib\Str.h(406): warning C4996: 'strcpy': This function or variable may be unsafe. Consider using strcpy_s instead. To disable deprecation, use _CRT_SECURE_NO_WARNINGS. See online help for details.
                 C:\Program Files (x86)\Microsoft Visual Studio 12.0\VC\include\string.h(112) : see declaration of 'strcpy'
     1>c:\program files (x86)\steam\steamapps\common\quake 4\blastymod\quake4-master\idlib\Str.h(446): warning C4996: 'strcpy': This function or variable may be unsafe. Consider using strcpy_s instead. To disable deprecation, use _CRT_SECURE_NO_WARNINGS. See online help for details.
                 C:\Program Files (x86)\Microsoft Visual Studio 12.0\VC\include\string.h(112) : see declaration of 'strcpy'
     1>c:\program files (x86)\steam\steamapps\common\quake 4\blastymod\quake4-master\idlib\Str.h(501): warning C4996: 'sprintf': This function or variable may be unsafe. Consider using sprintf_s instead. To disable deprecation, use _CRT_SECURE_NO_WARNINGS. See online help for details.
                 C:\Program Files (x86)\Microsoft Visual Studio 12.0\VC\include\stdio.h(356) : see declaration of 'sprintf'
     1>c:\program files (x86)\steam\steamapps\common\quake 4\blastymod\quake4-master\idlib\Str.h(503): warning C4996: 'strcpy': This function or variable may be unsafe. Consider using strcpy_s instead. To disable deprecation, use _CRT_SECURE_NO_WARNINGS. See online help for details.
                 C:\Program Files (x86)\Microsoft Visual Studio 12.0\VC\include\string.h(112) : see declaration of 'strcpy'
     1>c:\program files (x86)\steam\steamapps\common\quake 4\blastymod\quake4-master\idlib\Str.h(512): warning C4996: 'sprintf': This function or variable may be unsafe. Consider using sprintf_s instead. To disable deprecation, use _CRT_SECURE_NO_WARNINGS. See online help for details.
                 C:\Program Files (x86)\Microsoft Visual Studio 12.0\VC\include\stdio.h(356) : see declaration of 'sprintf'
     1>c:\program files (x86)\steam\steamapps\common\quake 4\blastymod\quake4-master\idlib\Str.h(514): warning C4996: 'strcpy': This function or variable may be unsafe. Consider using strcpy_s instead. To disable deprecation, use _CRT_SECURE_NO_WARNINGS. See online help for details.
                 C:\Program Files (x86)\Microsoft Visual Studio 12.0\VC\include\string.h(112) : see declaration of 'strcpy'
     1>c:\program files (x86)\steam\steamapps\common\quake 4\blastymod\quake4-master\idlib\Str.h(527): warning C4996: 'strcpy': This function or variable may be unsafe. Consider using strcpy_s instead. To disable deprecation, use _CRT_SECURE_NO_WARNINGS. See online help for details.
                 C:\Program Files (x86)\Microsoft Visual Studio 12.0\VC\include\string.h(112) : see declaration of 'strcpy'
     1>c:\program files (x86)\steam\steamapps\common\quake 4\blastymod\quake4-master\idlib\Str.h(605): warning C4996: 'sprintf': This function or variable may be unsafe. Consider using sprintf_s instead. To disable deprecation, use _CRT_SECURE_NO_WARNINGS. See online help for details.
                 C:\Program Files (x86)\Microsoft Visual Studio 12.0\VC\include\stdio.h(356) : see declaration of 'sprintf'
     1>c:\program files (x86)\steam\steamapps\common\quake 4\blastymod\quake4-master\idlib\Str.h(615): warning C4996: 'sprintf': This function or variable may be unsafe. Consider using sprintf_s instead. To disable deprecation, use _CRT_SECURE_NO_WARNINGS. See online help for details.
                 C:\Program Files (x86)\Microsoft Visual Studio 12.0\VC\include\stdio.h(356) : see declaration of 'sprintf'
     1>c:\program files (x86)\steam\steamapps\common\quake 4\blastymod\quake4-master\idlib\Str.h(625): warning C4996: 'sprintf': This function or variable may be unsafe. Consider using sprintf_s instead. To disable deprecation, use _CRT_SECURE_NO_WARNINGS. See online help for details.
                 C:\Program Files (x86)\Microsoft Visual Studio 12.0\VC\include\stdio.h(356) : see declaration of 'sprintf'
     1>c:\program files (x86)\steam\steamapps\common\quake 4\blastymod\quake4-master\idlib\Str.h(634): warning C4996: 'sprintf': This function or variable may be unsafe. Consider using sprintf_s instead. To disable deprecation, use _CRT_SECURE_NO_WARNINGS. See online help for details.
                 C:\Program Files (x86)\Microsoft Visual Studio 12.0\VC\include\stdio.h(356) : see declaration of 'sprintf'
     1>c:\program files (x86)\steam\steamapps\common\quake 4\blastymod\quake4-master\idlib\Str.h(643): warning C4996: 'sprintf': This function or variable may be unsafe. Consider using sprintf_s instead. To disable deprecation, use _CRT_SECURE_NO_WARNINGS. See online help for details.
                 C:\Program Files (x86)\Microsoft Visual Studio 12.0\VC\include\stdio.h(356) : see declaration of 'sprintf'
     1>c:\program files (x86)\steam\steamapps\common\quake 4\blastymod\quake4-master\idlib\Str.h(652): warning C4996: 'sprintf': This function or variable may be unsafe. Consider using sprintf_s instead. To disable deprecation, use _CRT_SECURE_NO_WARNINGS. See online help for details.
                 C:\Program Files (x86)\Microsoft Visual Studio 12.0\VC\include\stdio.h(356) : see declaration of 'sprintf'
     1>c:\program files (x86)\steam\steamapps\common\quake 4\blastymod\quake4-master\idlib\Base64.h(80): warning C4996: 'strcpy': This function or variable may be unsafe. Consider using strcpy_s instead. To disable deprecation, use _CRT_SECURE_NO_WARNINGS. See online help for details.
                 C:\Program Files (x86)\Microsoft Visual Studio 12.0\VC\include\string.h(112) : see declaration of 'strcpy'
     1>c:\program files (x86)\steam\steamapps\common\quake 4\blastymod\quake4-master\mpgame\script/Script_Interpreter.h(151): warning C4996: 'sprintf': This function or variable may be unsafe. Consider using sprintf_s instead. To disable deprecation, use _CRT_SECURE_NO_WARNINGS. See online help for details.
                 C:\Program Files (x86)\Microsoft Visual Studio 12.0\VC\include\stdio.h(356) : see declaration of 'sprintf'
     1>c:\program files (x86)\steam\steamapps\common\quake 4\blastymod\quake4-master\mpgame\script/Script_Interpreter.h(153): warning C4996: 'sprintf': This function or variable may be unsafe. Consider using sprintf_s instead. To disable deprecation, use _CRT_SECURE_NO_WARNINGS. See online help for details.
                 C:\Program Files (x86)\Microsoft Visual Studio 12.0\VC\include\stdio.h(356) : see declaration of 'sprintf'
     1>mpgame\AF.cpp(1152): warning C4996: 'sscanf': This function or variable may be unsafe. Consider using sscanf_s instead. To disable deprecation, use _CRT_SECURE_NO_WARNINGS. See online help for details.
                 C:\Program Files (x86)\Microsoft Visual Studio 12.0\VC\include\stdio.h(304) : see declaration of 'sscanf'
     1>mpgame\AF.cpp(1282): warning C4996: 'sscanf': This function or variable may be unsafe. Consider using sscanf_s instead. To disable deprecation, use _CRT_SECURE_NO_WARNINGS. See online help for details.
                 C:\Program Files (x86)\Microsoft Visual Studio 12.0\VC\include\stdio.h(304) : see declaration of 'sscanf'
     1>mpgame\AF.cpp(1290): warning C4996: 'sscanf': This function or variable may be unsafe. Consider using sscanf_s instead. To disable deprecation, use _CRT_SECURE_NO_WARNINGS. See online help for details.
                 C:\Program Files (x86)\Microsoft Visual Studio 12.0\VC\include\stdio.h(304) : see declaration of 'sscanf'
     1>C:\Program Files (x86)\MSBuild\Microsoft.Cpp\v4.0\V120\Microsoft.CppCommon.targets(242,5): warning MSB4220: Waiting for the currently executing task "CL" to cancel.
     1>C:\Program Files (x86)\MSBuild\Microsoft.Cpp\v4.0\V120\Microsoft.CppCommon.targets(242,5): warning MSB4220: Waiting for the currently executing task "CL" to cancel.
     1>C:\Program Files (x86)\MSBuild\Microsoft.Cpp\v4.0\V120\Microsoft.CppCommon.targets(242,5): warning MSB4220: Waiting for the currently executing task "CL" to cancel.
     1>C:\Program Files (x86)\MSBuild\Microsoft.Cpp\v4.0\V120\Microsoft.CppCommon.targets(242,5): warning MSB4220: Waiting for the currently executing task "CL" to cancel.
     1>C:\Program Files (x86)\MSBuild\Microsoft.Cpp\v4.0\V120\Microsoft.CppCommon.targets(242,5): warning MSB4220: Waiting for the currently executing task "CL" to cancel.
     1>C:\Program Files (x86)\MSBuild\Microsoft.Cpp\v4.0\V120\Microsoft.CppCommon.targets(242,5): warning MSB4220: Waiting for the currently executing task "CL" to cancel.
     1>C:\Program Files (x86)\MSBuild\Microsoft.Cpp\v4.0\V120\Microsoft.CppCommon.targets(242,5): warning MSB4220: Waiting for the currently executing task "CL" to cancel.
     1>C:\Program Files (x86)\MSBuild\Microsoft.Cpp\v4.0\V120\Microsoft.CppCommon.targets(242,5): warning MSB4220: Waiting for the currently executing task "CL" to cancel.
     1>C:\Program Files (x86)\MSBuild\Microsoft.Cpp\v4.0\V120\Microsoft.CppCommon.targets(242,5): warning MSB4220: Waiting for the currently executing task "CL" to cancel.
     0>MSBUILD : error MSB4166: Child node "3" exited prematurely. Shutting down. Diagnostic information may be found in files in the temporary files directory named MSBuild_*.failure.txt.

Build FAILED.

Time Elapsed 00:55:34.80
